# JRE version: Java(TM) SE Runtime Environment (8.0_201-b09) (build 1.8.0_201-b09)
# Java VM: Java HotSpot(TM) 64-Bit Server VM (25.201-b09 mixed mode windows-amd64 compressed oops)
Heap:
 PSYoungGen      total 278016K, used 79006K [0x00000000d6300000, 0x00000000e9c00000, 0x0000000100000000)
  eden space 250880K, 31% used [0x00000000d6300000,0x00000000db027850,0x00000000e5800000)
  from space 27136K, 0% used [0x00000000e5800000,0x00000000e5800000,0x00000000e7280000)
  to   space 20480K, 0% used [0x00000000e7280000,0x00000000e7280000,0x00000000e8680000)
 ParOldGen       total 143360K, used 40115K [0x0000000082800000, 0x000000008b400000, 0x00000000d6300000)
  object space 143360K, 27% used [0x0000000082800000,0x0000000084f2cc68,0x000000008b400000)
 Metaspace       used 61100K, capacity 63923K, committed 64152K, reserved 1105920K
  class space    used 8011K, capacity 8517K, committed 8624K, reserved 1048576K
GC Heap History (10 events):
Event: 6.688 GC heap before
{Heap before GC invocations=12 (full 2):
 PSYoungGen      total 177152K, used 161280K [0x00000000d6300000, 0x00000000e5a00000, 0x0000000100000000)
  eden space 161280K, 100% used [0x00000000d6300000,0x00000000e0080000,0x00000000e0080000)
  from space 15872K, 0% used [0x00000000e0080000,0x00000000e0080000,0x00000000e1000000)
  to   space 17408K, 0% used [0x00000000e4900000,0x00000000e4900000,0x00000000e5a00000)
 ParOldGen       total 92160K, used 19708K [0x0000000082800000, 0x0000000088200000, 0x00000000d6300000)
  object space 92160K, 21% used [0x0000000082800000,0x0000000083b3f148,0x0000000088200000)
 Metaspace       used 38221K, capacity 40038K, committed 40368K, reserved 1083392K
  class space    used 5096K, capacity 5427K, committed 5552K, reserved 1048576K
Event: 6.695 GC heap after
Heap after GC invocations=12 (full 2):
 PSYoungGen      total 214528K, used 8950K [0x00000000d6300000, 0x00000000e5200000, 0x0000000100000000)
  eden space 205312K, 0% used [0x00000000d6300000,0x00000000d6300000,0x00000000e2b80000)
  from space 9216K, 97% used [0x00000000e4900000,0x00000000e51bdb08,0x00000000e5200000)
  to   space 16384K, 0% used [0x00000000e3200000,0x00000000e3200000,0x00000000e4200000)
 ParOldGen       total 92160K, used 19716K [0x0000000082800000, 0x0000000088200000, 0x00000000d6300000)
  object space 92160K, 21% used [0x0000000082800000,0x0000000083b41148,0x0000000088200000)
 Metaspace       used 38221K, capacity 40038K, committed 40368K, reserved 1083392K
  class space    used 5096K, capacity 5427K, committed 5552K, reserved 1048576K
}
Event: 8.188 GC heap before
{Heap before GC invocations=13 (full 2):
 PSYoungGen      total 214528K, used 214262K [0x00000000d6300000, 0x00000000e5200000, 0x0000000100000000)
  eden space 205312K, 100% used [0x00000000d6300000,0x00000000e2b80000,0x00000000e2b80000)
  from space 9216K, 97% used [0x00000000e4900000,0x00000000e51bdb08,0x00000000e5200000)
  to   space 16384K, 0% used [0x00000000e3200000,0x00000000e3200000,0x00000000e4200000)
 ParOldGen       total 92160K, used 19716K [0x0000000082800000, 0x0000000088200000, 0x00000000d6300000)
  object space 92160K, 21% used [0x0000000082800000,0x0000000083b41148,0x0000000088200000)
 Metaspace       used 44517K, capacity 46632K, committed 46768K, reserved 1089536K
  class space    used 5840K, capacity 6237K, committed 6320K, reserved 1048576K
Event: 8.201 GC heap after
Heap after GC invocations=13 (full 2):
 PSYoungGen      total 228352K, used 16355K [0x00000000d6300000, 0x00000000e8680000, 0x0000000100000000)
  eden space 211968K, 0% used [0x00000000d6300000,0x00000000d6300000,0x00000000e3200000)
  from space 16384K, 99% used [0x00000000e3200000,0x00000000e41f8e80,0x00000000e4200000)
  to   space 20480K, 0% used [0x00000000e7280000,0x00000000e7280000,0x00000000e8680000)
 ParOldGen       total 92160K, used 24589K [0x0000000082800000, 0x0000000088200000, 0x00000000d6300000)
  object space 92160K, 26% used [0x0000000082800000,0x00000000840035d0,0x0000000088200000)
 Metaspace       used 44517K, capacity 46632K, committed 46768K, reserved 1089536K
  class space    used 5840K, capacity 6237K, committed 6320K, reserved 1048576K
}
Event: 9.849 GC heap before
{Heap before GC invocations=14 (full 2):
 PSYoungGen      total 228352K, used 228323K [0x00000000d6300000, 0x00000000e8680000, 0x0000000100000000)
  eden space 211968K, 100% used [0x00000000d6300000,0x00000000e3200000,0x00000000e3200000)
  from space 16384K, 99% used [0x00000000e3200000,0x00000000e41f8e80,0x00000000e4200000)
  to   space 20480K, 0% used [0x00000000e7280000,0x00000000e7280000,0x00000000e8680000)
 ParOldGen       total 92160K, used 24589K [0x0000000082800000, 0x0000000088200000, 0x00000000d6300000)
  object space 92160K, 26% used [0x0000000082800000,0x00000000840035d0,0x0000000088200000)
 Metaspace       used 54029K, capacity 56554K, committed 56752K, reserved 1097728K
  class space    used 7143K, capacity 7598K, committed 7600K, reserved 1048576K
Event: 9.874 GC heap after
Heap after GC invocations=14 (full 2):
 PSYoungGen      total 271360K, used 20450K [0x00000000d6300000, 0x00000000e9c00000, 0x0000000100000000)
  eden space 250880K, 0% used [0x00000000d6300000,0x00000000d6300000,0x00000000e5800000)
  from space 20480K, 99% used [0x00000000e7280000,0x00000000e8678948,0x00000000e8680000)
  to   space 27136K, 0% used [0x00000000e5800000,0x00000000e5800000,0x00000000e7280000)
 ParOldGen       total 92160K, used 34770K [0x0000000082800000, 0x0000000088200000, 0x00000000d6300000)
  object space 92160K, 37% used [0x0000000082800000,0x00000000849f49c8,0x0000000088200000)
 Metaspace       used 54029K, capacity 56554K, committed 56752K, reserved 1097728K
  class space    used 7143K, capacity 7598K, committed 7600K, reserved 1048576K
}
Event: 10.463 GC heap before
{Heap before GC invocations=15 (full 2):
 PSYoungGen      total 271360K, used 54269K [0x00000000d6300000, 0x00000000e9c00000, 0x0000000100000000)
  eden space 250880K, 13% used [0x00000000d6300000,0x00000000d8406e68,0x00000000e5800000)
  from space 20480K, 99% used [0x00000000e7280000,0x00000000e8678948,0x00000000e8680000)
  to   space 27136K, 0% used [0x00000000e5800000,0x00000000e5800000,0x00000000e7280000)
 ParOldGen       total 92160K, used 34770K [0x0000000082800000, 0x0000000088200000, 0x00000000d6300000)
  object space 92160K, 37% used [0x0000000082800000,0x00000000849f49c8,0x0000000088200000)
 Metaspace       used 56443K, capacity 59008K, committed 59160K, reserved 1099776K
  class space    used 7459K, capacity 7903K, committed 7984K, reserved 1048576K
Event: 10.476 GC heap after
Heap after GC invocations=15 (full 2):
 PSYoungGen      total 278016K, used 3395K [0x00000000d6300000, 0x00000000e9c00000, 0x0000000100000000)
  eden space 250880K, 0% used [0x00000000d6300000,0x00000000d6300000,0x00000000e5800000)
  from space 27136K, 12% used [0x00000000e5800000,0x00000000e5b50d40,0x00000000e7280000)
  to   space 20480K, 0% used [0x00000000e7280000,0x00000000e7280000,0x00000000e8680000)
 ParOldGen       total 92160K, used 52385K [0x0000000082800000, 0x0000000088200000, 0x00000000d6300000)
  object space 92160K, 56% used [0x0000000082800000,0x0000000085b287c8,0x0000000088200000)
 Metaspace       used 56443K, capacity 59008K, committed 59160K, reserved 1099776K
  class space    used 7459K, capacity 7903K, committed 7984K, reserved 1048576K
}
Event: 10.476 GC heap before
{Heap before GC invocations=16 (full 3):
 PSYoungGen      total 278016K, used 3395K [0x00000000d6300000, 0x00000000e9c00000, 0x0000000100000000)
  eden space 250880K, 0% used [0x00000000d6300000,0x00000000d6300000,0x00000000e5800000)
  from space 27136K, 12% used [0x00000000e5800000,0x00000000e5b50d40,0x00000000e7280000)
  to   space 20480K, 0% used [0x00000000e7280000,0x00000000e7280000,0x00000000e8680000)
 ParOldGen       total 92160K, used 52385K [0x0000000082800000, 0x0000000088200000, 0x00000000d6300000)
  object space 92160K, 56% used [0x0000000082800000,0x0000000085b287c8,0x0000000088200000)
 Metaspace       used 56443K, capacity 59008K, committed 59160K, reserved 1099776K
  class space    used 7459K, capacity 7903K, committed 7984K, reserved 1048576K
Event: 10.613 GC heap after
Heap after GC invocations=16 (full 3):
 PSYoungGen      total 278016K, used 0K [0x00000000d6300000, 0x00000000e9c00000, 0x0000000100000000)
  eden space 250880K, 0% used [0x00000000d6300000,0x00000000d6300000,0x00000000e5800000)
  from space 27136K, 0% used [0x00000000e5800000,0x00000000e5800000,0x00000000e7280000)
  to   space 20480K, 0% used [0x00000000e7280000,0x00000000e7280000,0x00000000e8680000)
 ParOldGen       total 143360K, used 40115K [0x0000000082800000, 0x000000008b400000, 0x00000000d6300000)
  object space 143360K, 27% used [0x0000000082800000,0x0000000084f2cc68,0x000000008b400000)
 Metaspace       used 56443K, capacity 59008K, committed 59160K, reserved 1099776K
  class space    used 7459K, capacity 7903K, committed 7984K, reserved 1048576K
}

